[2019-11-28T10:55:24.514] [INFO] default - --------------------------- 开始编译 ---------------------------
[2019-11-28T10:55:24.518] [INFO] default - 程序运行目录: D:\work\澳门记忆
[2019-11-28T10:55:24.518] [INFO] default - 首次启动!
[2019-11-28T10:55:24.518] [INFO] default - 生成版本号: dnok4tl7xk
[2019-11-28T10:55:24.528] [INFO] default - 清理资源文件夹: D:\work\澳门记忆\dist\static
[2019-11-28T10:55:24.528] [INFO] default - 文件夹不存在: D:\work\澳门记忆\dist\static
[2019-11-28T10:55:24.529] [INFO] default - 创建文件夹: D:\work\澳门记忆\dist\static
[2019-11-28T10:55:24.529] [INFO] default - 读取模板文件: C:\Users\PG\Documents\GitHub\PG\lib\index.html
[2019-11-28T10:55:24.529] [DEBUG] default - 读取网页标题: {TAG_14226_TAG}
[2019-11-28T10:55:24.529] [DEBUG] default - 处理页面源信息: [{"http-equiv":"content-type","content":"text/html; charset=UTF-8"},{"name":"viewport","content":"width=device-width, initial-scale=1.0"},{"name":"format-detection","content":"telephone=no, email=no"},{"name":"apple-mobile-web-app-capable","content":"yes"},{"name":"apple-mobile-web-app-status-bar-style","content":"white"},{"name":"renderer","content":"webkit"},{"http-equiv":"X-UA-Compatible","content":"IE=edge,chrome=1"},{"name":"filetype","content":"1"},{"name":"publishedtype","content":"1"},{"name":"pagetype","content":"2"},{"name":"screen-orientation","content":"landscape"},{"name":"x5-orientation","content":"landscape"},{"name":"full-screen","content":"yes"},{"name":"x5-fullscreen","content":"true"},{"name":"browsermode","content":"application"},{"name":"x5-page-mode","content":"app"}]
[2019-11-28T10:55:24.531] [INFO] default - 开始处理模块: home
[2019-11-28T10:55:25.112] [DEBUG] default - 缓存模板: home./src/page/home.owo
[2019-11-28T10:55:25.183] [DEBUG] default - 页面home处理用时: 653 毫秒!
[2019-11-28T10:55:25.184] [INFO] default - 文件夹不存在: D:/work/澳门记忆/dist/static/resource
[2019-11-28T10:55:25.185] [INFO] default - 创建文件夹: D:/work/澳门记忆/dist/static/resource
[2019-11-28T10:55:25.186] [DEBUG] default - 处理资源:  [ 'D:/work/澳门记忆/src/resource/bg-1.jpg',
  'D:/work/澳门记忆/src/resource/bg-2.jpg',
  'D:/work/澳门记忆/src/resource/bg-3.jpg',
  'D:/work/澳门记忆/src/resource/spot.png',
  'D:/work/澳门记忆/src/resource/spot-active.png' ]
[2019-11-28T10:55:25.186] [DEBUG] default - 资源目录:  D:/work/澳门记忆/dist/static/resource
[2019-11-28T10:55:25.188] [DEBUG] default - css中的资源处理完毕!
[2019-11-28T10:55:25.939] [DEBUG] default - 使用postcss处理样式，使用了1个插件!
[2019-11-28T10:55:25.994] [INFO] default - 文件夹不存在: D:\work\澳门记忆\dist\static\css
[2019-11-28T10:55:25.994] [INFO] default - 创建文件夹: D:\work\澳门记忆\dist\static\css
[2019-11-28T10:55:25.995] [INFO] default - 开始处理附属css中的资源
[2019-11-28T10:55:25.995] [INFO] default - 附属css中的资源处理完毕!
[2019-11-28T10:55:25.995] [INFO] default - 处理字体: {}
[2019-11-28T10:55:25.999] [INFO] default - 使用postcss处理完毕! 用时: 60 毫秒
[2019-11-28T10:55:25.999] [INFO] default - 判断css中的外链情况!
[2019-11-28T10:55:25.999] [DEBUG] default - 发现外链列表: "../resource/bg-1.jpg","../resource/bg-2.jpg","../resource/bg-3.jpg",'../resource/spot.png','../resource/spot-active.png'
[2019-11-28T10:55:26.000] [INFO] default - 正在处理script!
[2019-11-28T10:55:26.828] [INFO] default - 工程中只有一个页面!
[2019-11-28T10:55:26.828] [INFO] default - js中的资源处理完毕!
[2019-11-28T10:55:26.828] [DEBUG] default - 处理引用脚本: [{"name":"jquery1.11.0","src":"http://tools.people.com.cn/libs/jquery/1.11.1/jquery-1.11.1.min.js"},{"name":"idangerous.swiper2.7.0","src":"http://tools.people.com.cn/libs/swiper/2.0/idangerous.swiper.min.js"},{"name":"main","src":"./src/main.js","resource":true}]
[2019-11-28T10:55:26.829] [DEBUG] default - 外部脚本数量: 3
[2019-11-28T10:55:26.829] [DEBUG] default - 处理脚本: jquery1.11.0
[2019-11-28T10:55:26.829] [DEBUG] default - 网络脚本: jquery1.11.0
[2019-11-28T10:55:26.829] [DEBUG] default - 处理脚本: idangerous.swiper2.7.0
[2019-11-28T10:55:26.829] [DEBUG] default - 网络脚本: idangerous.swiper2.7.0
[2019-11-28T10:55:26.829] [DEBUG] default - 处理脚本: main
[2019-11-28T10:55:26.829] [INFO] default - 读取文件: D:\work\澳门记忆\src\main.js
[2019-11-28T10:55:26.829] [DEBUG] default - 输出scriptData
[2019-11-28T10:55:26.830] [DEBUG] default - 准备输出html!
[2019-11-28T10:55:26.833] [DEBUG] default - 忽略文件: D:/work/澳门记忆/src/resource/show.png
[2019-11-28T10:55:26.833] [DEBUG] default - 忽略文件: D:/work/澳门记忆/src/resource/show.png
[2019-11-28T10:55:26.833] [DEBUG] default - 处理资源:  [ 'D:/work/澳门记忆/src/resource/logo.png',
  'D:/work/澳门记忆/src/resource/mouse.png',
  'D:/work/澳门记忆/src/resource/main-1.png',
  'D:/work/澳门记忆/src/resource/show.png',
  'D:/work/澳门记忆/src/resource/to-home.png' ]
[2019-11-28T10:55:26.833] [DEBUG] default - 资源目录:  D:/work/澳门记忆/dist/static/resource
[2019-11-28T10:55:26.834] [DEBUG] default - 开始美化html
[2019-11-28T10:55:26.846] [INFO] default - 判断html中的外链情况!
[2019-11-28T10:55:26.846] [DEBUG] default - 发现外链列表: ./static/css/owo.main.dnok4tl7xk.css,./static/css/main.css,http://tools.people.com.cn/libs/swiper/2.0/idangerous.swiper.css,./static/resource/logo.png,./static/resource/mouse.png,./static/resource/main-1.png,http://tvplayer.people.com.cn/player.php/xml/L3B2c2VydmljZS94bWwvMjAxOS8xMS8xLzM0MWM1YjUyLTU4NmMtNGFiNS1iYjEzLTkzYWMzZDRlMDkyMS54bWw=/playerByOsmf.swf,http://tvplayer.people.com.cn/player.php/xml/L3B2c2VydmljZS94bWwvMjAxOS8xMS8xLzM0MWM1YjUyLTU4NmMtNGFiNS1iYjEzLTkzYWMzZDRlMDkyMS54bWw=/playerByOsmf.swf,./static/resource/show.png,http://tvplayer.people.com.cn/player.php/xml/L3B2c2VydmljZS94bWwvMjAxOS8xMS8xLzM0MWM1YjUyLTU4NmMtNGFiNS1iYjEzLTkzYWMzZDRlMDkyMS54bWw=/playerByOsmf.swf,./static/resource/show.png,http://tvplayer.people.com.cn/player.php/xml/L3B2c2VydmljZS94bWwvMjAxOS8xMS8xLzM0MWM1YjUyLTU4NmMtNGFiNS1iYjEzLTkzYWMzZDRlMDkyMS54bWw=/playerByOsmf.swf,./static/resource/show.png,./static/resource/to-home.png,http://tools.people.com.cn/libs/jquery/1.11.1/jquery-1.11.1.min.js,http://tools.people.com.cn/libs/swiper/2.0/idangerous.swiper.min.js,./static/js/main.js,./static/js/owo.main.dnok4tl7xk.js
[2019-11-28T10:55:26.847] [INFO] default - 显示外链情况!
[2019-11-28T10:55:26.849] [INFO] default - 文件夹不存在: D:\work\澳门记忆\dist\static\js
[2019-11-28T10:55:26.849] [INFO] default - 创建文件夹: D:\work\澳门记忆\dist\static\js
[2019-11-28T10:55:26.850] [DEBUG] default - 页面中不包含切换动画!
[2019-11-28T10:55:26.850] [INFO] default - 编译结束!
[2019-11-28T10:55:26.891] [INFO] default - 写入文件: D:\work\澳门记忆\dist\static\css\owo.main.dnok4tl7xk.css
[2019-11-28T10:55:26.891] [INFO] default - 主要逻辑文件写出成功!
[2019-11-28T10:55:26.891] [INFO] default - 读取成功: D:\work\澳门记忆\src\main.css
[2019-11-28T10:55:26.892] [INFO] default - 读取成功: D:\work\澳门记忆\src\main.js
[2019-11-28T10:55:26.939] [INFO] default - 写入文件: D:\work\澳门记忆\dist\static\css\main.css
[2019-11-28T10:55:26.939] [INFO] default - 写入文件: D:\work\澳门记忆\dist\static\js\main.js
